app/build/intermediates/manifest_merge_blame_file/debug/manifest-merger-blame-debug-report.txt
1<?xml version="1.0" encoding="utf-8"?>
2<manifest xmlns:android="http://schemas.android.com/apk/res/android"
3    package="com.example.bookapplication"
4    android:versionCode="1"
5    android:versionName="1.0" >
6
7    <uses-sdk
7-->src\main\AndroidManifest.xml:35:5-56
8        android:minSdkVersion="21"
8-->src\main\AndroidManifest.xml:35:5-56
9        android:targetSdkVersion="30" />
9-->src\main\AndroidManifest.xml:35:5-56
10
11    <uses-permission android:name="android.permission.WRITE_EXTERNAL_STORAGE" />
11-->src\main\AndroidManifest.xml:5:5-80
11-->src\main\AndroidManifest.xml:5:22-78
12    <uses-permission android:name="android.permission.READ_EXTERNAL_STORAGE" />
12-->src\main\AndroidManifest.xml:6:5-80
12-->src\main\AndroidManifest.xml:6:22-77
13    <uses-permission android:name="android.permission.CAMERA" />
13-->src\main\AndroidManifest.xml:7:5-65
13-->src\main\AndroidManifest.xml:7:22-62
14    <uses-permission android:name="android.permission.INTERNET" />
14-->src\main\AndroidManifest.xml:8:5-67
14-->src\main\AndroidManifest.xml:8:22-64
15
16    <application
16-->src\main\AndroidManifest.xml:9:5-34:19
17        android:allowBackup="true"
17-->src\main\AndroidManifest.xml:11:9-35
18        android:appComponentFactory="androidx.core.app.CoreComponentFactory"
18-->[androidx.core:core:1.3.1] AndroidManifest.xml:24:18-86
19        android:debuggable="true"
20        android:icon="@mipmap/ic_launcher"
20-->src\main\AndroidManifest.xml:12:9-43
21        android:label="@string/app_name"
21-->src\main\AndroidManifest.xml:13:9-41
22        android:networkSecurityConfig="@xml/network_security_config"
22-->[com.folioreader:folioreader:0.5.4] AndroidManifest.xml:18:9-69
23        android:requestLegacyExternalStorage="true"
23-->src\main\AndroidManifest.xml:14:9-52
24        android:roundIcon="@mipmap/ic_launcher_round"
24-->src\main\AndroidManifest.xml:15:9-54
25        android:supportsRtl="true"
25-->src\main\AndroidManifest.xml:16:9-35
26        android:testOnly="true"
27        android:theme="@style/Theme.BookApplication" >
27-->src\main\AndroidManifest.xml:17:9-53
28        <activity android:name="com.example.bookapplication.GotoEpubFile" />
28-->src\main\AndroidManifest.xml:18:9-59
28-->src\main\AndroidManifest.xml:18:19-47
29        <activity android:name="com.example.bookapplication.SkyepubBook" />
29-->src\main\AndroidManifest.xml:19:9-49
29-->src\main\AndroidManifest.xml:19:19-46
30        <activity android:name="com.example.bookapplication.PageActivity" />
30-->src\main\AndroidManifest.xml:20:9-50
30-->src\main\AndroidManifest.xml:20:19-47
31        <activity android:name="com.example.bookapplication.ActivityActivity" />
31-->src\main\AndroidManifest.xml:21:9-54
31-->src\main\AndroidManifest.xml:21:19-51
32        <activity android:name="com.example.bookapplication.MainActivity" >
32-->src\main\AndroidManifest.xml:22:9-28:20
32-->src\main\AndroidManifest.xml:22:19-47
33            <intent-filter>
33-->src\main\AndroidManifest.xml:23:13-27:29
34                <action android:name="android.intent.action.MAIN" />
34-->src\main\AndroidManifest.xml:24:17-69
34-->src\main\AndroidManifest.xml:24:25-66
35
36                <category android:name="android.intent.category.LAUNCHER" />
36-->src\main\AndroidManifest.xml:26:17-77
36-->src\main\AndroidManifest.xml:26:27-74
37            </intent-filter>
38        </activity>
39
40        <uses-library
40-->src\main\AndroidManifest.xml:30:9-32:40
41            android:name="org.apache.http.legacy"
41-->src\main\AndroidManifest.xml:31:13-50
42            android:required="false" />
42-->src\main\AndroidManifest.xml:32:13-37
43
44        <provider
44-->[com.folioreader:folioreader:0.5.4] AndroidManifest.xml:20:9-23:40
45            android:name="com.folioreader.AppContext"
45-->[com.folioreader:folioreader:0.5.4] AndroidManifest.xml:21:13-54
46            android:authorities="com.example.bookapplication.provider.appcontext"
46-->[com.folioreader:folioreader:0.5.4] AndroidManifest.xml:22:13-71
47            android:exported="false" />
47-->[com.folioreader:folioreader:0.5.4] AndroidManifest.xml:23:13-37
48
49        <activity
49-->[com.folioreader:folioreader:0.5.4] AndroidManifest.xml:25:9-28:60
50            android:name="com.folioreader.ui.activity.FolioActivity"
50-->[com.folioreader:folioreader:0.5.4] AndroidManifest.xml:26:13-69
51            android:label="@string/app_name"
51-->[com.folioreader:folioreader:0.5.4] AndroidManifest.xml:27:13-45
52            android:theme="@style/FolioActivityDayTheme" />
52-->[com.folioreader:folioreader:0.5.4] AndroidManifest.xml:28:13-57
53        <activity
53-->[com.folioreader:folioreader:0.5.4] AndroidManifest.xml:29:9-31:59
54            android:name="com.folioreader.ui.activity.ContentHighlightActivity"
54-->[com.folioreader:folioreader:0.5.4] AndroidManifest.xml:30:13-80
55            android:theme="@style/AppTheme.NoActionBar" />
55-->[com.folioreader:folioreader:0.5.4] AndroidManifest.xml:31:13-56
56        <activity
56-->[com.folioreader:folioreader:0.5.4] AndroidManifest.xml:32:9-42:20
57            android:name="com.folioreader.ui.activity.SearchActivity"
57-->[com.folioreader:folioreader:0.5.4] AndroidManifest.xml:33:13-70
58            android:launchMode="singleTop" >
58-->[com.folioreader:folioreader:0.5.4] AndroidManifest.xml:34:13-43
59            <intent-filter>
59-->[com.folioreader:folioreader:0.5.4] AndroidManifest.xml:35:13-37:29
60                <action android:name="android.intent.action.SEARCH" />
60-->[com.folioreader:folioreader:0.5.4] AndroidManifest.xml:36:17-71
60-->[com.folioreader:folioreader:0.5.4] AndroidManifest.xml:36:25-68
61            </intent-filter>
62
63            <meta-data
63-->[com.folioreader:folioreader:0.5.4] AndroidManifest.xml:39:13-41:54
64                android:name="android.app.searchable"
64-->[com.folioreader:folioreader:0.5.4] AndroidManifest.xml:40:17-54
65                android:resource="@xml/searchable" />
65-->[com.folioreader:folioreader:0.5.4] AndroidManifest.xml:41:17-51
66        </activity>
67
68        <provider
68-->[com.github.codetoart:r2-streamer-kotlin:1.0.4-2] AndroidManifest.xml:22:9-25:40
69            android:name="org.readium.r2.streamer.ClientAppContext"
69-->[com.github.codetoart:r2-streamer-kotlin:1.0.4-2] AndroidManifest.xml:23:13-68
70            android:authorities="com.example.bookapplication.provider.clientappcontext"
70-->[com.github.codetoart:r2-streamer-kotlin:1.0.4-2] AndroidManifest.xml:24:13-77
71            android:exported="false" />
71-->[com.github.codetoart:r2-streamer-kotlin:1.0.4-2] AndroidManifest.xml:25:13-37
72        <provider
72-->[androidx.lifecycle:lifecycle-process:2.0.0] AndroidManifest.xml:23:9-27:43
73            android:name="androidx.lifecycle.ProcessLifecycleOwnerInitializer"
73-->[androidx.lifecycle:lifecycle-process:2.0.0] AndroidManifest.xml:24:13-79
74            android:authorities="com.example.bookapplication.lifecycle-process"
74-->[androidx.lifecycle:lifecycle-process:2.0.0] AndroidManifest.xml:25:13-69
75            android:exported="false"
75-->[androidx.lifecycle:lifecycle-process:2.0.0] AndroidManifest.xml:26:13-37
76            android:multiprocess="true" />
76-->[androidx.lifecycle:lifecycle-process:2.0.0] AndroidManifest.xml:27:13-40
77    </application>
78
79</manifest>